This is pdfTeX, Version 3.14159265-2.6-1.40.20 (TeX Live 2019) (preloaded format=pdflatex 2019.5.8)  9 OCT 2022 05:19
entering extended mode
 restricted \write18 enabled.
 file:line:error style messages enabled.
 %&-line parsing enabled.
**Notes_2.tex
(./Notes_2.tex
LaTeX2e <2018-12-01>
(/usr/local/texlive/2019/texmf-dist/tex/latex/amscls/amsart.cls
Document Class: amsart 2017/10/31 v2.20.4
\linespacing=\dimen102
\normalparindent=\dimen103
\normaltopskip=\skip41
(/usr/local/texlive/2019/texmf-dist/tex/latex/amsmath/amsmath.sty
Package: amsmath 2018/12/01 v2.17b AMS math features
\@mathmargin=\skip42

For additional information on amsmath, use the `?' option.
(/usr/local/texlive/2019/texmf-dist/tex/latex/amsmath/amstext.sty
Package: amstext 2000/06/29 v2.01 AMS text

(/usr/local/texlive/2019/texmf-dist/tex/latex/amsmath/amsgen.sty
File: amsgen.sty 1999/11/30 v2.0 generic functions
\@emptytoks=\toks14
\ex@=\dimen104
))
(/usr/local/texlive/2019/texmf-dist/tex/latex/amsmath/amsbsy.sty
Package: amsbsy 1999/11/29 v1.2d Bold Symbols
\pmbraise@=\dimen105
)
(/usr/local/texlive/2019/texmf-dist/tex/latex/amsmath/amsopn.sty
Package: amsopn 2016/03/08 v2.02 operator names
)
\inf@bad=\count80
LaTeX Info: Redefining \frac on input line 223.
\uproot@=\count81
\leftroot@=\count82
LaTeX Info: Redefining \overline on input line 385.
\classnum@=\count83
\DOTSCASE@=\count84
LaTeX Info: Redefining \ldots on input line 482.
LaTeX Info: Redefining \dots on input line 485.
LaTeX Info: Redefining \cdots on input line 606.
\Mathstrutbox@=\box27
\strutbox@=\box28
\big@size=\dimen106
LaTeX Font Info:    Redeclaring font encoding OML on input line 729.
LaTeX Font Info:    Redeclaring font encoding OMS on input line 730.
\macc@depth=\count85
\c@MaxMatrixCols=\count86
\dotsspace@=\muskip10
\c@parentequation=\count87
\dspbrk@lvl=\count88
\tag@help=\toks15
\row@=\count89
\column@=\count90
\maxfields@=\count91
\andhelp@=\toks16
\eqnshift@=\dimen107
\alignsep@=\dimen108
\tagshift@=\dimen109
\tagwidth@=\dimen110
\totwidth@=\dimen111
\lineht@=\dimen112
\@envbody=\toks17
\multlinegap=\skip43
\multlinetaggap=\skip44
\mathdisplay@stack=\toks18
LaTeX Info: Redefining \[ on input line 2844.
LaTeX Info: Redefining \] on input line 2845.
)
LaTeX Font Info:    Try loading font information for U+msa on input line 398.

(/usr/local/texlive/2019/texmf-dist/tex/latex/amsfonts/umsa.fd
File: umsa.fd 2013/01/14 v3.01 AMS symbols A
)
(/usr/local/texlive/2019/texmf-dist/tex/latex/amsfonts/amsfonts.sty
Package: amsfonts 2013/01/14 v3.01 Basic AMSFonts support
\symAMSa=\mathgroup4
\symAMSb=\mathgroup5
LaTeX Font Info:    Overwriting math alphabet `\mathfrak' in version `bold'
(Font)                  U/euf/m/n --> U/euf/b/n on input line 106.
)
\copyins=\insert199
\abstractbox=\box29
\listisep=\skip45
\c@part=\count92
\c@section=\count93
\c@subsection=\count94
\c@subsubsection=\count95
\c@paragraph=\count96
\c@subparagraph=\count97
\c@figure=\count98
\c@table=\count99
\abovecaptionskip=\skip46
\belowcaptionskip=\skip47
\captionindent=\dimen113
\thm@style=\toks19
\thm@bodyfont=\toks20
\thm@headfont=\toks21
\thm@notefont=\toks22
\thm@headpunct=\toks23
\thm@preskip=\skip48
\thm@postskip=\skip49
\thm@headsep=\skip50
\dth@everypar=\toks24
)
(/usr/local/texlive/2019/texmf-dist/tex/latex/tools/enumerate.sty
Package: enumerate 2015/07/23 v3.00 enumerate extensions (DPC)
\@enLab=\toks25
)
(/usr/local/texlive/2019/texmf-dist/tex/latex/amsfonts/amssymb.sty
Package: amssymb 2013/01/14 v3.01 AMS font symbols
)
(/usr/local/texlive/2019/texmf-dist/tex/latex/arydshln/arydshln.sty
Package: arydshln 2019/02/21 v1.76 
\dashlinedash=\dimen114
\dashlinegap=\dimen115
\adl@box=\box30
\adl@height=\dimen116
\adl@heightsave=\dimen117
\adl@depth=\dimen118
\adl@depthsave=\dimen119
\adl@finaldepth=\dimen120
\adl@columns=\count100
\adl@ncol=\count101
\adl@currentcolumn=\count102
\adl@currentcolumnsave=\count103
\adl@totalheight=\count104
\adl@totalheightsave=\count105
\adl@dash=\count106
\adl@gap=\count107
\adl@cla=\count108
\adl@clb=\count109
\adl@everyvbox=\toks26
\adl@LTpagetotal=\dimen121
)
(/usr/local/texlive/2019/texmf-dist/tex/latex/dashrule/dashrule.sty
Package: dashrule 2013/03/28 v1.3 Dashed rules

(/usr/local/texlive/2019/texmf-dist/tex/latex/ifmtarg/ifmtarg.sty
Package: ifmtarg 2018/04/16 v1.2b check for an empty argument
)
\c@hdr@segments=\count110
)
(/usr/local/texlive/2019/texmf-dist/tex/latex/carlisle/slashed.sty
Package: slashed 1997/01/16 v0.01 Feynman Slashed Character Notation (DPC)
)
(/usr/local/texlive/2019/texmf-dist/tex/latex/multirow/multirow.sty
Package: multirow 2019/01/01 v2.4 Span multiple rows of a table
\multirow@colwidth=\skip51
\multirow@cntb=\count111
\multirow@dima=\skip52
\bigstrutjot=\dimen122
)
(/usr/local/texlive/2019/texmf-dist/tex/latex/fundus-calligra/calligra.sty
Package: calligra 2012/04/10 v1.9 LaTeX package calligra
)
(./Notes_2.aux)
\openout1 = `Notes_2.aux'.

LaTeX Font Info:    Checking defaults for OML/cmm/m/it on input line 18.
LaTeX Font Info:    ... okay on input line 18.
LaTeX Font Info:    Checking defaults for T1/cmr/m/n on input line 18.
LaTeX Font Info:    ... okay on input line 18.
LaTeX Font Info:    Checking defaults for OT1/cmr/m/n on input line 18.
LaTeX Font Info:    ... okay on input line 18.
LaTeX Font Info:    Checking defaults for OMS/cmsy/m/n on input line 18.
LaTeX Font Info:    ... okay on input line 18.
LaTeX Font Info:    Checking defaults for OMX/cmex/m/n on input line 18.
LaTeX Font Info:    ... okay on input line 18.
LaTeX Font Info:    Checking defaults for U/cmr/m/n on input line 18.
LaTeX Font Info:    ... okay on input line 18.
LaTeX Font Info:    Try loading font information for U+msa on input line 18.
 (/usr/local/texlive/2019/texmf-dist/tex/latex/amsfonts/umsa.fd
File: umsa.fd 2013/01/14 v3.01 AMS symbols A
)
LaTeX Font Info:    Try loading font information for U+msb on input line 18.
(/usr/local/texlive/2019/texmf-dist/tex/latex/amsfonts/umsb.fd
File: umsb.fd 2013/01/14 v3.01 AMS symbols B
)
Underfull \hbox (badness 10000) in paragraph at lines 71--73

 []


Overfull \hbox (12.0pt too wide) in paragraph at lines 75--76
[][] [] 
 []


Underfull \hbox (badness 10000) in paragraph at lines 78--80

 []


Overfull \hbox (12.0pt too wide) in paragraph at lines 82--83
[][] [] 
 []


Underfull \hbox (badness 10000) in paragraph at lines 85--87

 []


Underfull \hbox (badness 10000) in paragraph at lines 88--92

 []


Overfull \hbox (12.0pt too wide) in paragraph at lines 94--95
[][] [] 
 []


Underfull \hbox (badness 10000) in paragraph at lines 97--101

 []


Overfull \hbox (12.0pt too wide) in paragraph at lines 103--104
[][] [] 
 []

[1{/usr/local/texlive/2019/texmf-var/fonts/map/pdftex/updmap/pdftex.map}]
Overfull \hbox (12.0pt too wide) in paragraph at lines 110--111
[][] [] 
 []


Underfull \hbox (badness 10000) in paragraph at lines 120--121

 []


Overfull \hbox (1.10051pt too wide) in paragraph at lines 125--133
\OT1/cmr/m/n/12 
(\OML/cmm/m/it/12 n\OT1/cmr/m/n/12 ) = [] = [] = [][] 
 []


Underfull \hbox (badness 10000) in paragraph at lines 125--133

 []


Overfull \hbox (12.0pt too wide) in paragraph at lines 135--136
[][] [] 
 []


Underfull \hbox (badness 10000) in paragraph at lines 138--139

 []


Overfull \hbox (12.0pt too wide) in paragraph at lines 141--142
[][] [] 
 []


Underfull \hbox (badness 10000) in paragraph at lines 144--146

 []


Overfull \hbox (12.0pt too wide) in paragraph at lines 148--149
[][] [] 
 []


Underfull \hbox (badness 10000) in paragraph at lines 151--156

 []


Underfull \vbox (badness 10000) has occurred while \output is active []

 [2]
Overfull \hbox (12.0pt too wide) in paragraph at lines 158--159
[][] [] 
 []


Underfull \hbox (badness 10000) in paragraph at lines 161--165

 []


Overfull \hbox (12.0pt too wide) in paragraph at lines 188--189
[][] [] 
 []


Underfull \hbox (badness 10000) in paragraph at lines 191--193

 []


Overfull \hbox (12.0pt too wide) in paragraph at lines 195--196
[][] [] 
 []


Underfull \hbox (badness 10000) in paragraph at lines 198--200

 []


Overfull \hbox (12.0pt too wide) in paragraph at lines 202--203
[][] [] 
 []


Underfull \hbox (badness 10000) in paragraph at lines 205--217

 []


Underfull \vbox (badness 2478) has occurred while \output is active []

 [3]
Overfull \hbox (12.0pt too wide) in paragraph at lines 219--220
[][] [] 
 []


Overfull \hbox (12.0pt too wide) in paragraph at lines 238--239
[][] [] 
 []


Overfull \hbox (7.19975pt too wide) in paragraph at lines 241--269
[]$[]$\OT1/cmr/m/n/12 (multiplicity of monatomic ideal gas) 
 []


Underfull \hbox (badness 10000) in paragraph at lines 241--269

 []


Underfull \vbox (badness 10000) has occurred while \output is active []

 [4]
Overfull \hbox (12.0pt too wide) in paragraph at lines 271--272
[][] [] 
 []


Underfull \hbox (badness 10000) in paragraph at lines 274--277

 []


Overfull \hbox (12.0pt too wide) in paragraph at lines 279--280
[][] [] 
 []


Underfull \vbox (badness 10000) has occurred while \output is active []

 [5]
Overfull \hbox (12.0pt too wide) in paragraph at lines 292--293
[][] [] 
 []


Underfull \hbox (badness 10000) in paragraph at lines 295--297

 []


Overfull \hbox (12.0pt too wide) in paragraph at lines 299--300
[][] [] 
 []


Overfull \hbox (12.0pt too wide) in paragraph at lines 311--312
[][] [] 
 []


Underfull \hbox (badness 10000) in paragraph at lines 317--318

 []


Overfull \hbox (12.0pt too wide) in paragraph at lines 320--321
[][] [] 
 []


Underfull \hbox (badness 10000) in paragraph at lines 323--331

 []


Overfull \hbox (12.0pt too wide) in paragraph at lines 333--334
[][] [] 
 []


Underfull \hbox (badness 10000) in paragraph at lines 336--338

 []


Overfull \hbox (12.0pt too wide) in paragraph at lines 340--341
[][] [] 
 []


Underfull \hbox (badness 10000) in paragraph at lines 343--345

 []

[6]
Overfull \hbox (12.0pt too wide) in paragraph at lines 347--348
[][] [] 
 []


Overfull \hbox (12.0pt too wide) in paragraph at lines 357--358
[][] [] 
 []


Overfull \hbox (12.0pt too wide) in paragraph at lines 379--380
[][] [] 
 []


Underfull \hbox (badness 10000) in paragraph at lines 382--388

 []


Overfull \hbox (12.0pt too wide) in paragraph at lines 390--391
[][] [] 
 []


Underfull \vbox (badness 10000) has occurred while \output is active []

 [7]
Underfull \hbox (badness 10000) in paragraph at lines 393--397

 []


Overfull \hbox (12.0pt too wide) in paragraph at lines 399--400
[][] [] 
 []


Underfull \hbox (badness 10000) in paragraph at lines 402--404

 []


Overfull \hbox (12.0pt too wide) in paragraph at lines 406--407
[][] [] 
 []


Underfull \hbox (badness 10000) in paragraph at lines 409--410

 []


Overfull \hbox (12.0pt too wide) in paragraph at lines 412--413
[][] [] 
 []


Underfull \hbox (badness 10000) in paragraph at lines 415--419

 []


Overfull \hbox (12.0pt too wide) in paragraph at lines 420--421
[][] [] 
 []


Underfull \hbox (badness 10000) in paragraph at lines 423--424

 []


Overfull \hbox (12.0pt too wide) in paragraph at lines 426--427
[][] [] 
 []


Underfull \hbox (badness 10000) in paragraph at lines 429--433

 []


Overfull \hbox (12.0pt too wide) in paragraph at lines 435--436
[][] [] 
 []


Overfull \hbox (12.0pt too wide) in paragraph at lines 447--448
[][] [] 
 []


Underfull \hbox (badness 10000) in paragraph at lines 450--452

 []


Underfull \vbox (badness 10000) has occurred while \output is active []

 [8]
Overfull \hbox (12.0pt too wide) in paragraph at lines 454--455
[][] [] 
 []


Underfull \hbox (badness 10000) in paragraph at lines 457--461

 []


Overfull \hbox (12.0pt too wide) in paragraph at lines 463--464
[][] [] 
 []


Underfull \hbox (badness 10000) in paragraph at lines 469--471

 []


Overfull \hbox (12.0pt too wide) in paragraph at lines 473--474
[][] [] 
 []


Underfull \hbox (badness 10000) in paragraph at lines 476--480

 []


Overfull \hbox (12.0pt too wide) in paragraph at lines 482--483
[][] [] 
 []


Underfull \hbox (badness 10000) in paragraph at lines 485--489

 []


Overfull \hbox (12.0pt too wide) in paragraph at lines 491--492
[][] [] 
 []


Underfull \hbox (badness 10000) in paragraph at lines 494--504

 []

[9]
Overfull \hbox (12.0pt too wide) in paragraph at lines 506--507
[][] [] 
 []


Underfull \hbox (badness 10000) in paragraph at lines 509--512

 []


Overfull \hbox (12.0pt too wide) in paragraph at lines 514--515
[][] [] 
 []


Overfull \hbox (12.0pt too wide) in paragraph at lines 523--524
[][] [] 
 []


Overfull \hbox (12.0pt too wide) in paragraph at lines 534--535
[][] [] 
 []


Underfull \hbox (badness 10000) in paragraph at lines 537--542

 []


Overfull \hbox (12.0pt too wide) in paragraph at lines 544--545
[][] [] 
 []


Underfull \hbox (badness 10000) in paragraph at lines 547--548

 []


Overfull \hbox (12.0pt too wide) in paragraph at lines 550--551
[][] [] 
 []


Underfull \hbox (badness 10000) in paragraph at lines 553--557

 []


Overfull \hbox (12.0pt too wide) in paragraph at lines 559--560
[][] [] 
 []


Overfull \hbox (12.0pt too wide) in paragraph at lines 565--566
[][] [] 
 []


Underfull \hbox (badness 10000) in paragraph at lines 568--572

 []


Underfull \vbox (badness 10000) has occurred while \output is active []

 [10]
Overfull \hbox (12.0pt too wide) in paragraph at lines 574--575
[][] [] 
 []


Underfull \hbox (badness 10000) in paragraph at lines 577--578

 []


Overfull \hbox (12.0pt too wide) in paragraph at lines 580--581
[][] [] 
 []


Underfull \hbox (badness 10000) in paragraph at lines 583--589

 []


Overfull \hbox (12.0pt too wide) in paragraph at lines 591--592
[][] [] 
 []


Overfull \hbox (12.0pt too wide) in paragraph at lines 607--608
[][] [] 
 []


Underfull \hbox (badness 10000) in paragraph at lines 610--618

 []


Underfull \vbox (badness 10000) has occurred while \output is active []

 [11]
Overfull \hbox (12.0pt too wide) in paragraph at lines 620--621
[][] [] 
 []


Overfull \hbox (20.34813pt too wide) in paragraph at lines 635--637
[]$ $\OML/cmm/m/it/12 E\OT1/cmr/m/n/12 (\OML/cmm/m/it/12 particle\OT1/cmr/m/n/1
2 1\OML/cmm/m/it/12 ; particle\OT1/cmr/m/n/12 2)$ so in-dis-tin-guish-able mean
s $\OML/cmm/m/it/12 E\OT1/cmr/m/n/12 (\OML/cmm/m/it/12 s[]; s[]\OT1/cmr/m/n/12 
) =
 []


Underfull \hbox (badness 10000) in paragraph at lines 635--637

 []


Overfull \hbox (12.0pt too wide) in paragraph at lines 639--640
[][] [] 
 []


Overfull \hbox (12.0pt too wide) in paragraph at lines 650--651
[][] [] 
 []


Underfull \hbox (badness 10000) in paragraph at lines 653--664

 []


Overfull \hbox (12.0pt too wide) in paragraph at lines 666--667
[][] [] 
 []


Underfull \hbox (badness 10000) in paragraph at lines 669--670

 []

[12]
Overfull \hbox (12.0pt too wide) in paragraph at lines 672--673
[][] [] 
 []


Overfull \hbox (12.0pt too wide) in paragraph at lines 680--681
[][] [] 
 []


Underfull \hbox (badness 10000) in paragraph at lines 683--690

 []


Overfull \hbox (12.0pt too wide) in paragraph at lines 692--693
[][] [] 
 []


Underfull \hbox (badness 10000) in paragraph at lines 695--698

 []


Overfull \hbox (12.0pt too wide) in paragraph at lines 700--701
[][] [] 
 []


Underfull \hbox (badness 10000) in paragraph at lines 703--710

 []


Overfull \hbox (12.0pt too wide) in paragraph at lines 712--713
[][] [] 
 []


Overfull \hbox (67.06703pt too wide) in paragraph at lines 714--722
[]$[]$ 
 []


Underfull \hbox (badness 10000) in paragraph at lines 714--722

 []


Underfull \hbox (badness 10000) in paragraph at lines 714--722

 []


Underfull \vbox (badness 10000) has occurred while \output is active []

 [13]
Overfull \hbox (12.0pt too wide) in paragraph at lines 724--725
[][] [] 
 []


Overfull \hbox (87.2816pt too wide) in paragraph at lines 727--736
[]$ $\OML/cmm/m/it/12 U \OT1/cmr/m/n/12 = [][] \OML/cmm/m/it/12 dn [][] d^^R []
[] d^^^n[] [] ^^R[][] \OT1/cmr/m/n/12 = [] [][] \OML/cmm/m/it/12 dnn[][][][] 
 []


Underfull \hbox (badness 10000) in paragraph at lines 727--736

 []


Overfull \hbox (12.0pt too wide) in paragraph at lines 738--739
[][] [] 
 []


Underfull \hbox (badness 10000) in paragraph at lines 738--739

 []


Underfull \hbox (badness 10000) in paragraph at lines 741--750

 []


Overfull \hbox (12.0pt too wide) in paragraph at lines 752--753
[][] [] 
 []


Underfull \hbox (badness 10000) in paragraph at lines 752--753

 []


Overfull \hbox (108.38596pt too wide) in paragraph at lines 755--766
[]$[]$ 
 []


Underfull \vbox (badness 10000) has occurred while \output is active []

 [14]
Overfull \hbox (12.0pt too wide) in paragraph at lines 768--769
[][] [] 
 []


Underfull \hbox (badness 10000) in paragraph at lines 771--773

 []


Underfull \hbox (badness 10000) in paragraph at lines 774--783

 []


Underfull \hbox (badness 10000) in paragraph at lines 774--783

 []


Overfull \hbox (12.0pt too wide) in paragraph at lines 785--786
[][] [] 
 []


Underfull \hbox (badness 10000) in paragraph at lines 788--806

 []


Underfull \vbox (badness 10000) has occurred while \output is active []

 [15]
Overfull \hbox (12.0pt too wide) in paragraph at lines 808--809
[][] [] 
 []


Underfull \hbox (badness 10000) in paragraph at lines 811--813

 []


Overfull \hbox (12.0pt too wide) in paragraph at lines 815--816
[][] [] 
 []


Underfull \hbox (badness 10000) in paragraph at lines 818--832

 []


Underfull \vbox (badness 10000) has occurred while \output is active []

 [16]
Overfull \hbox (12.0pt too wide) in paragraph at lines 834--835
[][] [] 
 []


Underfull \hbox (badness 10000) in paragraph at lines 843--845

 []


Overfull \hbox (12.0pt too wide) in paragraph at lines 847--848
[][] [] 
 []


Underfull \hbox (badness 10000) in paragraph at lines 850--851

 []


Overfull \hbox (12.0pt too wide) in paragraph at lines 853--854
[][] [] 
 []


Underfull \hbox (badness 10000) in paragraph at lines 856--865

 []


Overfull \hbox (12.0pt too wide) in paragraph at lines 867--868
[][] [] 
 []


Underfull \hbox (badness 10000) in paragraph at lines 875--886

 []


Underfull \vbox (badness 10000) has occurred while \output is active []

 [17]
Overfull \hbox (12.0pt too wide) in paragraph at lines 888--889
[][] [] 
 []


Underfull \hbox (badness 10000) in paragraph at lines 891--892

 []


Overfull \hbox (12.0pt too wide) in paragraph at lines 894--895
[][] [] 
 []


Underfull \hbox (badness 10000) in paragraph at lines 897--900

 []


Overfull \hbox (12.0pt too wide) in paragraph at lines 902--903
[][] [] 
 []


Underfull \hbox (badness 10000) in paragraph at lines 905--917

 []


Overfull \hbox (12.0pt too wide) in paragraph at lines 919--920
[][] [] 
 []


Underfull \hbox (badness 10000) in paragraph at lines 922--927

 []


Underfull \vbox (badness 10000) has occurred while \output is active []

 [18]
Overfull \hbox (12.0pt too wide) in paragraph at lines 929--930
[][] [] 
 []


Overfull \hbox (12.0pt too wide) in paragraph at lines 950--951
[][] [] 
 []


Overfull \hbox (12.0pt too wide) in paragraph at lines 963--964
[][] [] 
 []


Underfull \hbox (badness 10000) in paragraph at lines 966--971

 []

[19]
Overfull \hbox (12.0pt too wide) in paragraph at lines 973--974
[][] [] 
 []


Underfull \hbox (badness 10000) in paragraph at lines 976--981

 []


Overfull \hbox (12.0pt too wide) in paragraph at lines 983--984
[][] [] 
 []


Overfull \hbox (12.0pt too wide) in paragraph at lines 989--990
[][] [] 
 []


Underfull \hbox (badness 10000) in paragraph at lines 993--994

 []


Overfull \hbox (12.0pt too wide) in paragraph at lines 996--997
[][] [] 
 []


Underfull \hbox (badness 10000) in paragraph at lines 999--1006

 []


Overfull \hbox (12.0pt too wide) in paragraph at lines 1008--1009
[][] [] 
 []


Underfull \hbox (badness 10000) in paragraph at lines 1012--1013

 []


Overfull \hbox (12.0pt too wide) in paragraph at lines 1015--1016
[][] [] 
 []


Overfull \hbox (25.0045pt too wide) in paragraph at lines 1018--1020
[]$\OML/cmm/m/it/12 N \OT1/cmr/m/n/12 = 2 [][] [][] [][] = 2[] [] [] [] \OML/cm
m/m/it/12 dn[]dn[]dn[] \OT1/cmr/m/n/12 = 2[]([]\OML/cmm/m/it/12 ^^Yn[]\OT1/cmr/
m/n/12 )[] 
 []


Overfull \hbox (12.0pt too wide) in paragraph at lines 1022--1023
[][] [] 
 []


Underfull \hbox (badness 10000) in paragraph at lines 1025--1030

 []


Underfull \vbox (badness 10000) has occurred while \output is active []

 [20]
Overfull \hbox (12.0pt too wide) in paragraph at lines 1032--1033
[][] [] 
 []


Underfull \hbox (badness 10000) in paragraph at lines 1034--1040

 []


Underfull \hbox (badness 10000) in paragraph at lines 1034--1040

 []


Overfull \hbox (12.0pt too wide) in paragraph at lines 1042--1043
[][] [] 
 []


Underfull \hbox (badness 10000) in paragraph at lines 1045--1056

 []


Overfull \hbox (12.0pt too wide) in paragraph at lines 1058--1059
[][] [] 
 []


Overfull \hbox (55.83469pt too wide) in paragraph at lines 1061--1068
[]$ $\OML/cmm/m/it/12 U \OT1/cmr/m/n/12 = 2 [] [] [] \OML/cmm/m/it/12 ^^O\OT1/c
mr/m/n/12 ([])\OML/cmm/m/it/12 dn[]dn[]dn[] \OT1/cmr/m/n/12 = 2 [][] \OML/cmm/m
/it/12 dn [][] d^^R [][] d^^^n[] [] ^^R^^O\OT1/cmr/m/n/12 (\OML/cmm/m/it/12 n\O
T1/cmr/m/n/12 ) =
 []


Underfull \vbox (badness 10000) has occurred while \output is active []

 [21]
Overfull \hbox (12.0pt too wide) in paragraph at lines 1070--1071
[][] [] 
 []


Underfull \hbox (badness 10000) in paragraph at lines 1073--1074

 []


Overfull \hbox (12.0pt too wide) in paragraph at lines 1076--1077
[][] [] 
 []


Underfull \hbox (badness 10000) in paragraph at lines 1079--1081

 []


Overfull \hbox (12.0pt too wide) in paragraph at lines 1083--1084
[][] [] 
 []


Overfull \hbox (12.05484pt too wide) in paragraph at lines 1087--1114
\OML/cmm/m/it/12 ^^O[] \OT1/cmr/m/n/12 = [][] [] = \OML/cmm/m/it/12 ^^V[] \OT1/
cmr/m/n/12 + (\OML/cmm/m/it/12 ^^O \OMS/cmsy/m/n/12 ^^@ \OML/cmm/m/it/12 ^^V\OT
1/cmr/m/n/12 )[]\OML/cmm/m/it/12 ^^O[]\OMS/cmsy/m/n/12 j[] \OT1/cmr/m/n/12 + []
(\OML/cmm/m/it/12 ^^O \OMS/cmsy/m/n/12 ^^@ \OML/cmm/m/it/12 ^^V\OT1/cmr/m/n/12 
)[][]\OML/cmm/m/it/12 ^^O[]\OMS/cmsy/m/n/12 j[] \OT1/cmr/m/n/12 +
 []


Underfull \vbox (badness 10000) has occurred while \output is active []

 [22]
Overfull \hbox (12.0pt too wide) in paragraph at lines 1116--1117
[][] [] 
 []


Overfull \hbox (12.0pt too wide) in paragraph at lines 1124--1125
[][] [] 
 []


Overfull \hbox (12.0pt too wide) in paragraph at lines 1137--1138
[][] [] 
 []


Underfull \hbox (badness 10000) in paragraph at lines 1160--1168

 []

[23]
Overfull \hbox (12.0pt too wide) in paragraph at lines 1170--1171
[][] [] 
 []


Underfull \hbox (badness 10000) in paragraph at lines 1172--1177

 []


Overfull \hbox (12.0pt too wide) in paragraph at lines 1180--1181
[][] [] 
 []


Underfull \hbox (badness 10000) in paragraph at lines 1183--1184

 []


Overfull \hbox (12.0pt too wide) in paragraph at lines 1186--1187
[][] [] 
 []


Overfull \hbox (12.0pt too wide) in paragraph at lines 1202--1203
[][] [] 
 []


Underfull \hbox (badness 10000) in paragraph at lines 1205--1215

 []


Underfull \vbox (badness 10000) has occurred while \output is active []

 [24]
Overfull \hbox (12.0pt too wide) in paragraph at lines 1217--1218
[][] [] 
 []


Underfull \hbox (badness 10000) in paragraph at lines 1220--1222

 []


Overfull \hbox (12.0pt too wide) in paragraph at lines 1224--1225
[][] [] 
 []


Underfull \hbox (badness 10000) in paragraph at lines 1227--1240

 []


Underfull \hbox (badness 10000) in paragraph at lines 1227--1240

 []


Overfull \hbox (12.0pt too wide) in paragraph at lines 1242--1243
[][] [] 
 []


Overfull \hbox (12.0pt too wide) in paragraph at lines 1257--1258
[][] [] 
 []


Overfull \hbox (12.0pt too wide) in paragraph at lines 1268--1269
[][] [] 
 []


Underfull \vbox (badness 10000) has occurred while \output is active []

 [25]
Overfull \hbox (12.0pt too wide) in paragraph at lines 1281--1282
[][] [] 
 []


Underfull \hbox (badness 10000) in paragraph at lines 1284--1285

 []


Overfull \hbox (12.0pt too wide) in paragraph at lines 1287--1288
[][] [] 
 []


Underfull \hbox (badness 10000) in paragraph at lines 1290--1294

 []


Overfull \hbox (12.0pt too wide) in paragraph at lines 1296--1297
[][] [] 
 []


Underfull \hbox (badness 10000) in paragraph at lines 1299--1301

 []


Overfull \hbox (12.0pt too wide) in paragraph at lines 1303--1304
[][] [] 
 []


Overfull \hbox (12.0pt too wide) in paragraph at lines 1317--1318
[][] [] 
 []


Underfull \hbox (badness 10000) in paragraph at lines 1320--1324

 []


Overfull \hbox (12.0pt too wide) in paragraph at lines 1326--1327
[][] [] 
 []


Underfull \vbox (badness 10000) has occurred while \output is active []

 [26]
Overfull \hbox (12.0pt too wide) in paragraph at lines 1332--1333
[][] [] 
 []


Underfull \hbox (badness 10000) in paragraph at lines 1335--1338

 []


Overfull \hbox (12.0pt too wide) in paragraph at lines 1340--1341
[][] [] 
 []


Underfull \hbox (badness 10000) in paragraph at lines 1343--1352

 []


Overfull \hbox (12.0pt too wide) in paragraph at lines 1354--1355
[][] [] 
 []


Underfull \hbox (badness 10000) in paragraph at lines 1357--1358

 []


Overfull \hbox (12.0pt too wide) in paragraph at lines 1360--1361
[][] [] 
 []


Underfull \hbox (badness 10000) in paragraph at lines 1363--1367

 []


Overfull \hbox (12.0pt too wide) in paragraph at lines 1369--1370
[][] [] 
 []


Underfull \hbox (badness 10000) in paragraph at lines 1372--1373

 []


Overfull \hbox (12.0pt too wide) in paragraph at lines 1375--1376
[][] [] 
 []


Underfull \hbox (badness 10000) in paragraph at lines 1378--1382

 []


Underfull \vbox (badness 10000) has occurred while \output is active []

 [27]
Overfull \hbox (12.0pt too wide) in paragraph at lines 1384--1385
[][] [] 
 []


Overfull \hbox (4.45013pt too wide) in paragraph at lines 1387--1408
\OT1/cmr/m/n/12 =[]\OMS/cmsy/m/n/12 )  \OML/cmm/m/it/12 m^^N[] \OT1/cmr/m/n/12 
= \OML/cmm/m/it/12 ^^T[]\OT1/cmr/m/n/12 (\OML/cmm/m/it/12 ^^Ny[] \OMS/cmsy/m/n/
12 ^^@ \OML/cmm/m/it/12 ^^Nx[]\OT1/cmr/m/n/12 ) + \OML/cmm/m/it/12 ^^T[]\OT1/cm
r/m/n/12 (\OML/cmm/m/it/12 ^^Ny[] \OMS/cmsy/m/n/12 ^^@ \OML/cmm/m/it/12 ^^Nx[]\
OT1/cmr/m/n/12 );   \OML/cmm/m/it/12 m^^N[] \OT1/cmr/m/n/12 = \OML/cmm/m/it/12 
^^T[]\OT1/cmr/m/n/12 (\OML/cmm/m/it/12 ^^Nx[] \OMS/cmsy/m/n/12 ^^@
 []


Underfull \hbox (badness 10000) in paragraph at lines 1387--1408

 []


Overfull \hbox (12.0pt too wide) in paragraph at lines 1410--1411
[][] [] 
 []


Overfull \hbox (33.36449pt too wide) in paragraph at lines 1413--1422
[]\OML/cmm/m/it/12 m![] [] \OT1/cmr/m/n/12 = [] [] [] 
 []


Underfull \vbox (badness 10000) has occurred while \output is active []

 [28]
Overfull \hbox (12.0pt too wide) in paragraph at lines 1424--1425
[][] [] 
 []


Overfull \hbox (12.0pt too wide) in paragraph at lines 1433--1434
[][] [] 
 []


Underfull \hbox (badness 10000) in paragraph at lines 1437--1438

 []


Overfull \hbox (12.0pt too wide) in paragraph at lines 1440--1441
[][] [] 
 []


Underfull \hbox (badness 10000) in paragraph at lines 1443--1450

 []


Overfull \hbox (12.0pt too wide) in paragraph at lines 1452--1453
[][] [] 
 []


Overfull \hbox (51.10567pt too wide) in paragraph at lines 1455--1479
\OT1/cmr/m/n/12 =[]\OMS/cmsy/m/n/12 )  [][]h\OML/cmm/m/it/12 n\OMS/cmsy/m/n/12 
j\OML/cmm/m/it/12 V[]\OMS/cmsy/m/n/12 j\OML/cmm/m/it/12 m\OMS/cmsy/m/n/12 i \OT
1/cmr/m/n/12 = [] \OML/cmm/m/it/12 n \OT1/cmr/m/n/12 = \OML/cmm/m/it/12 m  \OT1
/cmr/m/n/12 =[]\OMS/cmsy/m/n/12 )  [][]h\OML/cmm/m/it/12 n\OMS/cmsy/m/n/12 j\OM
L/cmm/m/it/12 V[]\OMS/cmsy/m/n/12 j\OML/cmm/m/it/12 m\OMS/cmsy/m/n/12 i \OT1/cm
r/m/n/12 =
 []


Underfull \hbox (badness 10000) in paragraph at lines 1455--1479

 []

[29]
Overfull \hbox (12.0pt too wide) in paragraph at lines 1481--1482
[][] [] 
 []


Overfull \hbox (12.0pt too wide) in paragraph at lines 1491--1492
[][] [] 
 []


Underfull \hbox (badness 10000) in paragraph at lines 1494--1501

 []


Overfull \hbox (12.0pt too wide) in paragraph at lines 1503--1504
[][] [] 
 []


Underfull \hbox (badness 10000) in paragraph at lines 1506--1508

 []


Underfull \vbox (badness 10000) has occurred while \output is active []

 [30]
Overfull \hbox (12.0pt too wide) in paragraph at lines 1510--1511
[][] [] 
 []


Underfull \hbox (badness 10000) in paragraph at lines 1513--1514

 []


Overfull \hbox (12.0pt too wide) in paragraph at lines 1516--1517
[][] [] 
 []


Underfull \hbox (badness 10000) in paragraph at lines 1519--1525

 []


Overfull \hbox (12.0pt too wide) in paragraph at lines 1527--1528
[][] [] 
 []


Underfull \hbox (badness 10000) in paragraph at lines 1530--1531

 []


Overfull \hbox (12.0pt too wide) in paragraph at lines 1533--1534
[][] [] 
 []


Underfull \hbox (badness 10000) in paragraph at lines 1536--1537

 []


Overfull \hbox (12.0pt too wide) in paragraph at lines 1539--1540
[][] [] 
 []


Underfull \hbox (badness 10000) in paragraph at lines 1542--1543

 []


Overfull \hbox (12.0pt too wide) in paragraph at lines 1545--1546
[][] [] 
 []


Underfull \hbox (badness 10000) in paragraph at lines 1548--1549

 []


Overfull \hbox (12.0pt too wide) in paragraph at lines 1551--1552
[][] [] 
 []


Underfull \hbox (badness 10000) in paragraph at lines 1554--1555

 []


Overfull \hbox (12.0pt too wide) in paragraph at lines 1557--1558
[][] [] 
 []


Overfull \hbox (12.0pt too wide) in paragraph at lines 1563--1564
[][] [] 
 []


Underfull \hbox (badness 10000) in paragraph at lines 1566--1568

 []


Underfull \vbox (badness 10000) has occurred while \output is active []

 [31]
Overfull \hbox (12.0pt too wide) in paragraph at lines 1570--1571
[][] [] 
 []


Underfull \hbox (badness 10000) in paragraph at lines 1573--1575

 []


Overfull \hbox (12.0pt too wide) in paragraph at lines 1577--1578
[][] [] 
 []


Underfull \hbox (badness 10000) in paragraph at lines 1580--1582

 []


Overfull \hbox (12.0pt too wide) in paragraph at lines 1584--1585
[][] [] 
 []


Underfull \hbox (badness 10000) in paragraph at lines 1587--1588

 []


Overfull \hbox (12.0pt too wide) in paragraph at lines 1590--1591
[][] [] 
 []


Underfull \hbox (badness 10000) in paragraph at lines 1593--1594

 []


Overfull \hbox (12.0pt too wide) in paragraph at lines 1596--1597
[][] [] 
 []


Overfull \hbox (12.0pt too wide) in paragraph at lines 1604--1605
[][] [] 
 []


Underfull \hbox (badness 10000) in paragraph at lines 1607--1610

 []


Overfull \hbox (12.0pt too wide) in paragraph at lines 1612--1613
[][] [] 
 []


Underfull \hbox (badness 10000) in paragraph at lines 1616--1618

 []


Overfull \hbox (12.0pt too wide) in paragraph at lines 1620--1621
[][] [] 
 []


Underfull \hbox (badness 10000) in paragraph at lines 1623--1625

 []


Underfull \vbox (badness 10000) has occurred while \output is active []

 [32]
Overfull \hbox (12.0pt too wide) in paragraph at lines 1627--1628
[][] [] 
 []


Overfull \hbox (12.0pt too wide) in paragraph at lines 1633--1634
[][] [] 
 []


Underfull \hbox (badness 10000) in paragraph at lines 1636--1637

 []


Overfull \hbox (12.0pt too wide) in paragraph at lines 1639--1640
[][] [] 
 []


Overfull \hbox (12.0pt too wide) in paragraph at lines 1646--1647
[][] [] 
 []


Overfull \hbox (12.0pt too wide) in paragraph at lines 1652--1653
[][] [] 
 []


Underfull \hbox (badness 10000) in paragraph at lines 1655--1657

 []


Overfull \hbox (12.0pt too wide) in paragraph at lines 1659--1660
[][] [] 
 []


Underfull \hbox (badness 10000) in paragraph at lines 1662--1664

 []


Overfull \hbox (12.0pt too wide) in paragraph at lines 1666--1667
[][] [] 
 []


Overfull \hbox (12.0pt too wide) in paragraph at lines 1677--1678
[][] [] 
 []


Underfull \hbox (badness 10000) in paragraph at lines 1680--1686

 []


Underfull \vbox (badness 10000) has occurred while \output is active []

 [33]
Overfull \hbox (12.0pt too wide) in paragraph at lines 1688--1689
[][] [] 
 []


Overfull \hbox (8.63545pt too wide) in paragraph at lines 1691--1698
[]$[]$ 
 []


Overfull \hbox (12.0pt too wide) in paragraph at lines 1700--1701
[][] [] 
 []


Overfull \hbox (12.0pt too wide) in paragraph at lines 1714--1715
[][] [] 
 []


Underfull \hbox (badness 10000) in paragraph at lines 1717--1718

 []


Overfull \hbox (12.0pt too wide) in paragraph at lines 1720--1721
[][] [] 
 []


Underfull \hbox (badness 10000) in paragraph at lines 1723--1726

 []


Overfull \hbox (12.0pt too wide) in paragraph at lines 1728--1729
[][] [] 
 []


Underfull \hbox (badness 10000) in paragraph at lines 1731--1735

 []


Overfull \hbox (12.0pt too wide) in paragraph at lines 1737--1738
[][] [] 
 []


Underfull \hbox (badness 10000) in paragraph at lines 1740--1747

 []


Underfull \vbox (badness 10000) has occurred while \output is active []

 [34]
Overfull \hbox (12.0pt too wide) in paragraph at lines 1749--1750
[][] [] 
 []


Overfull \hbox (12.0pt too wide) in paragraph at lines 1759--1760
[][] [] 
 []


Overfull \hbox (67.38614pt too wide) in paragraph at lines 1762--1764
[]$ $\OML/cmm/m/it/12 E[] \OT1/cmr/m/n/12 = [] [] \OML/cmm/m/it/12 d[]^^O\OT1/c
mr/m/n/12 ([])\OML/cmm/m/it/12 n[]\OT1/cmr/m/n/12 (\OML/cmm/m/it/12 ^^L\OT1/cmr
/m/n/12 (\OML/cmm/m/it/12 ^^O\OT1/cmr/m/n/12 ([]) \OMS/cmsy/m/n/12 ^^@ \OML/cmm
/m/it/12 ^^V\OT1/cmr/m/n/12 )) = [] [][] 4\OML/cmm/m/it/12 ^^Yk[]dk^^O\OT1/cmr/
m/n/12 ([])\OML/cmm/m/it/12 n[]\OT1/cmr/m/n/12 (\OML/cmm/m/it/12 ^^L\OT1/cmr/m/
n/12 (\OML/cmm/m/it/12 ^^O\OT1/cmr/m/n/12 ([]) \OMS/cmsy/m/n/12 ^^@
 []


Underfull \hbox (badness 10000) in paragraph at lines 1762--1764

 []


Overfull \hbox (12.0pt too wide) in paragraph at lines 1766--1767
[][] [] 
 []


Overfull \hbox (8.3776pt too wide) in paragraph at lines 1769--1778
[]$[]$ 
 []


Overfull \hbox (29.52542pt too wide) in paragraph at lines 1769--1778
\OML/cmm/m/it/12 E[] \OT1/cmr/m/n/12 = [] [] \OML/cmm/m/it/12 d[]^^O\OT1/cmr/m/
n/12 ([]\OML/cmm/m/it/12 n[]\OT1/cmr/m/n/12 (\OML/cmm/m/it/12 ^^L\OT1/cmr/m/n/1
2 (\OML/cmm/m/it/12 ^^O\OT1/cmr/m/n/12 ([]) \OMS/cmsy/m/n/12 ^^@ \OML/cmm/m/it/
12 ^^V\OT1/cmr/m/n/12 )) = [] [][] 4\OML/cmm/m/it/12 ^^Yk[]dk^^O\OT1/cmr/m/n/12
 ([])\OML/cmm/m/it/12 n[]\OT1/cmr/m/n/12 (\OML/cmm/m/it/12 ^^L\OT1/cmr/m/n/12 (
\OML/cmm/m/it/12 ^^O\OT1/cmr/m/n/12 ([]) \OMS/cmsy/m/n/12 ^^@
 []


Underfull \hbox (badness 10000) in paragraph at lines 1769--1778

 []


Overfull \hbox (12.0pt too wide) in paragraph at lines 1780--1781
[][] [] 
 []


Underfull \hbox (badness 10000) in paragraph at lines 1783--1784

 []


Overfull \hbox (12.0pt too wide) in paragraph at lines 1786--1787
[][] [] 
 []


Underfull \vbox (badness 10000) has occurred while \output is active []

 [35]
Overfull \hbox (12.0pt too wide) in paragraph at lines 1791--1792
[][] [] 
 []


Underfull \hbox (badness 10000) in paragraph at lines 1794--1795

 []


Overfull \hbox (12.0pt too wide) in paragraph at lines 1797--1798
[][] [] 
 []


Underfull \hbox (badness 10000) in paragraph at lines 1800--1809

 []


Overfull \hbox (12.0pt too wide) in paragraph at lines 1811--1812
[][] [] 
 []


Underfull \hbox (badness 10000) in paragraph at lines 1814--1829

 []


Overfull \hbox (12.0pt too wide) in paragraph at lines 1831--1832
[][] [] 
 []


Underfull \vbox (badness 10000) has occurred while \output is active []

 [36]
Overfull \hbox (12.0pt too wide) in paragraph at lines 1838--1839
[][] [] 
 []


Underfull \hbox (badness 10000) in paragraph at lines 1841--1844

 []


Overfull \hbox (12.0pt too wide) in paragraph at lines 1846--1847
[][] [] 
 []


Overfull \hbox (12.0pt too wide) in paragraph at lines 1860--1861
[][] [] 
 []


Underfull \hbox (badness 10000) in paragraph at lines 1863--1872

 []


Overfull \hbox (12.0pt too wide) in paragraph at lines 1874--1875
[][] [] 
 []


Underfull \hbox (badness 10000) in paragraph at lines 1877--1879

 []


Overfull \hbox (12.0pt too wide) in paragraph at lines 1881--1882
[][] [] 
 []


Overfull \hbox (3.0047pt too wide) in paragraph at lines 1884--1894
\OT1/cmr/m/n/12 but if $[]$ is re-cip-ro-cal lat-tice vec-tor then $\OML/cmm/m/
it/12 n[]$ \OT1/cmr/m/n/12 is too $ =[]\OMS/cmsy/m/n/12 )  \OT1/cmr/m/n/12 2\OM
L/cmm/m/it/12 d [] ^^R \OT1/cmr/m/n/12 =
 []


Underfull \hbox (badness 10000) in paragraph at lines 1884--1894

 []


Underfull \vbox (badness 10000) has occurred while \output is active []

 [37]
Overfull \hbox (12.0pt too wide) in paragraph at lines 1896--1897
[][] [] 
 []


Underfull \hbox (badness 10000) in paragraph at lines 1899--1904

 []


Overfull \hbox (12.0pt too wide) in paragraph at lines 1906--1907
[][] [] 
 []


Underfull \hbox (badness 10000) in paragraph at lines 1909--1918

 []


Overfull \hbox (12.0pt too wide) in paragraph at lines 1920--1921
[][] [] 
 []


Underfull \hbox (badness 10000) in paragraph at lines 1923--1933

 []


Underfull \vbox (badness 10000) has occurred while \output is active []

 [38]
Overfull \hbox (12.0pt too wide) in paragraph at lines 1935--1936
[][] [] 
 []


Overfull \hbox (12.0pt too wide) in paragraph at lines 1951--1952
[][] [] 
 []


Overfull \hbox (12.0pt too wide) in paragraph at lines 1968--1969
[][] [] 
 []


Underfull \hbox (badness 10000) in paragraph at lines 1971--1975

 []


Overfull \hbox (12.0pt too wide) in paragraph at lines 1977--1978
[][] [] 
 []


Underfull \vbox (badness 10000) has occurred while \output is active []

 [39]
Overfull \hbox (12.0pt too wide) in paragraph at lines 1990--1991
[][] [] 
 []


Overfull \hbox (17.86365pt too wide) in paragraph at lines 1993--2005
[]$[]$ \OT1/cmr/m/n/12 (k just off zone bound-
 []


Overfull \hbox (12.0pt too wide) in paragraph at lines 2007--2008
[][] [] 
 []


Underfull \hbox (badness 10000) in paragraph at lines 2010--2012

 []


Underfull \vbox (badness 10000) has occurred while \output is active []

 [40]
Overfull \hbox (12.0pt too wide) in paragraph at lines 2027--2028
[][] [] 
 []


Underfull \hbox (badness 10000) in paragraph at lines 2029--2030

 []


Underfull \hbox (badness 10000) in paragraph at lines 2030--2034

 []


Overfull \hbox (12.0pt too wide) in paragraph at lines 2036--2037
[][] [] 
 []


Underfull \hbox (badness 10000) in paragraph at lines 2039--2040

 []


Overfull \hbox (12.0pt too wide) in paragraph at lines 2042--2043
[][] [] 
 []


Overfull \hbox (12.0pt too wide) in paragraph at lines 2051--2052
[][] [] 
 []


Overfull \hbox (12.0pt too wide) in paragraph at lines 2060--2061
[][] [] 
 []


Overfull \hbox (12.0pt too wide) in paragraph at lines 2067--2068
[][] [] 
 []


Overfull \hbox (12.9776pt too wide) in paragraph at lines 2073--2074
\OT1/cmr/m/n/12 stretches 1 unit of time in par-ti-cles ref-er-ence frame, $[] 
:= ([])[]$ 
 []


Underfull \hbox (badness 10000) in paragraph at lines 2073--2074

 []


Underfull \vbox (badness 10000) has occurred while \output is active []

 [41]
Overfull \hbox (12.0pt too wide) in paragraph at lines 2076--2077
[][] [] 
 []


Underfull \hbox (badness 10000) in paragraph at lines 2079--2081

 []


Overfull \hbox (12.0pt too wide) in paragraph at lines 2083--2084
[][] [] 
 []


Overfull \hbox (12.0pt too wide) in paragraph at lines 2091--2092
[][] [] 
 []


Underfull \hbox (badness 10000) in paragraph at lines 2094--2096

 []


Overfull \hbox (12.0pt too wide) in paragraph at lines 2098--2099
[][] [] 
 []


Overfull \hbox (12.0pt too wide) in paragraph at lines 2107--2108
[][] [] 
 []


Underfull \hbox (badness 10000) in paragraph at lines 2110--2112

 []


Overfull \hbox (12.0pt too wide) in paragraph at lines 2114--2115
[][] [] 
 []


Overfull \hbox (12.0pt too wide) in paragraph at lines 2125--2126
[][] [] 
 []


Underfull \vbox (badness 10000) has occurred while \output is active []

 [42]
Overfull \hbox (12.0pt too wide) in paragraph at lines 2134--2135
[][] [] 
 []


Underfull \hbox (badness 10000) in paragraph at lines 2137--2141

 []


Overfull \hbox (12.0pt too wide) in paragraph at lines 2142--2143
[][] [] 
 []


Underfull \hbox (badness 10000) in paragraph at lines 2145--2152

 []


Overfull \hbox (12.0pt too wide) in paragraph at lines 2154--2155
[][] [] 
 []


Underfull \hbox (badness 10000) in paragraph at lines 2157--2161

 []


Overfull \hbox (12.0pt too wide) in paragraph at lines 2163--2164
[][] [] 
 []


Overfull \hbox (12.0pt too wide) in paragraph at lines 2181--2182
[][] [] 
 []


Overfull \hbox (12.0pt too wide) in paragraph at lines 2189--2190
[][] [] 
 []


Underfull \hbox (badness 10000) in paragraph at lines 2195--2201

 []


Underfull \vbox (badness 10000) has occurred while \output is active []

 [43]
Overfull \hbox (12.0pt too wide) in paragraph at lines 2203--2204
[][] [] 
 []


Underfull \hbox (badness 10000) in paragraph at lines 2206--2207

 []


Overfull \hbox (12.0pt too wide) in paragraph at lines 2209--2210
[][] [] 
 []


Underfull \hbox (badness 10000) in paragraph at lines 2212--2214

 []


Overfull \hbox (12.0pt too wide) in paragraph at lines 2216--2217
[][] [] 
 []


Underfull \hbox (badness 10000) in paragraph at lines 2219--2220

 []


Overfull \hbox (12.0pt too wide) in paragraph at lines 2222--2223
[][] [] 
 []


Underfull \hbox (badness 10000) in paragraph at lines 2225--2229

 []


Overfull \hbox (12.0pt too wide) in paragraph at lines 2231--2232
[][] [] 
 []


Underfull \hbox (badness 10000) in paragraph at lines 2234--2237

 []


Overfull \hbox (12.0pt too wide) in paragraph at lines 2239--2240
[][] [] 
 []


Underfull \hbox (badness 10000) in paragraph at lines 2242--2248

 []


Overfull \hbox (12.0pt too wide) in paragraph at lines 2250--2251
[][] [] 
 []


Overfull \hbox (12.0pt too wide) in paragraph at lines 2259--2260
[][] [] 
 []


Underfull \hbox (badness 10000) in paragraph at lines 2262--2264

 []


Underfull \vbox (badness 10000) has occurred while \output is active []

 [44]
Overfull \hbox (12.0pt too wide) in paragraph at lines 2266--2267
[][] [] 
 []


Underfull \hbox (badness 10000) in paragraph at lines 2269--2271

 []


Overfull \hbox (12.0pt too wide) in paragraph at lines 2273--2274
[][] [] 
 []


Underfull \hbox (badness 10000) in paragraph at lines 2276--2280

 []


Overfull \hbox (12.0pt too wide) in paragraph at lines 2282--2283
[][] [] 
 []


Underfull \hbox (badness 10000) in paragraph at lines 2285--2293

 []


Overfull \hbox (12.0pt too wide) in paragraph at lines 2295--2296
[][] [] 
 []


Overfull \hbox (12.0pt too wide) in paragraph at lines 2307--2308
[][] [] 
 []


Underfull \hbox (badness 10000) in paragraph at lines 2310--2316

 []


Underfull \vbox (badness 10000) has occurred while \output is active []

 [45]
Overfull \hbox (12.0pt too wide) in paragraph at lines 2318--2319
[][] [] 
 []


Underfull \hbox (badness 10000) in paragraph at lines 2321--2325

 []


Overfull \hbox (12.0pt too wide) in paragraph at lines 2327--2328
[][] [] 
 []


Underfull \hbox (badness 10000) in paragraph at lines 2330--2336

 []


Overfull \hbox (12.0pt too wide) in paragraph at lines 2338--2339
[][] [] 
 []


Underfull \hbox (badness 10000) in paragraph at lines 2341--2346

 []


Overfull \hbox (12.0pt too wide) in paragraph at lines 2348--2349
[][] [] 
 []


Underfull \hbox (badness 10000) in paragraph at lines 2351--2357

 []


Overfull \hbox (12.0pt too wide) in paragraph at lines 2359--2360
[][] [] 
 []


Underfull \hbox (badness 10000) in paragraph at lines 2362--2367

 []


Underfull \vbox (badness 10000) has occurred while \output is active []

 [46]
Overfull \hbox (12.0pt too wide) in paragraph at lines 2369--2370
[][] [] 
 []


Underfull \hbox (badness 10000) in paragraph at lines 2373--2378

 []


Overfull \hbox (12.0pt too wide) in paragraph at lines 2380--2381
[][] [] 
 []


Underfull \hbox (badness 10000) in paragraph at lines 2383--2386

 []


Overfull \hbox (12.0pt too wide) in paragraph at lines 2388--2389
[][] [] 
 []


Overfull \hbox (4.17128pt too wide) in paragraph at lines 2391--2393
[]$\OMS/cmsy/m/n/12 ^^@[][] \OT1/cmr/m/n/12 = \OML/cmm/m/it/12 U[] \OT1/cmr/m/n
/12 = \OML/cmm/m/it/12 ^^Q[]U[]$ \OT1/cmr/m/n/12 (four ve-loc-ity as one form),
 $\OML/cmm/m/it/12 U[] \OT1/cmr/m/n/12 = \OMS/cmsy/m/n/12 ^^@\OT1/cmr/m/n/12 1\
OML/cmm/m/it/12 ;   U[] \OT1/cmr/m/n/12 =
 []


Underfull \hbox (badness 10000) in paragraph at lines 2391--2393

 []


Overfull \hbox (12.0pt too wide) in paragraph at lines 2395--2396
[][] [] 
 []


Underfull \hbox (badness 10000) in paragraph at lines 2398--2400

 []


Overfull \hbox (12.0pt too wide) in paragraph at lines 2402--2403
[][] [] 
 []


Underfull \hbox (badness 10000) in paragraph at lines 2405--2412

 []


Overfull \hbox (12.0pt too wide) in paragraph at lines 2414--2415
[][] [] 
 []

[47]
Overfull \hbox (12.0pt too wide) in paragraph at lines 2420--2421
[][] [] 
 []


Underfull \hbox (badness 10000) in paragraph at lines 2423--2433

 []


Overfull \hbox (12.0pt too wide) in paragraph at lines 2435--2437
[][] []
 []


Underfull \hbox (badness 10000) in paragraph at lines 2435--2437

 []


Overfull \hbox (12.0pt too wide) in paragraph at lines 2439--2440
[][] [] 
 []


Underfull \vbox (badness 10000) has occurred while \output is active []

 [48]
Overfull \hbox (12.0pt too wide) in paragraph at lines 2464--2465
[][] [] 
 []


Underfull \hbox (badness 10000) in paragraph at lines 2467--2476

 []


Overfull \hbox (12.0pt too wide) in paragraph at lines 2478--2479
[][] [] 
 []


Underfull \hbox (badness 10000) in paragraph at lines 2481--2483

 []


Overfull \hbox (12.0pt too wide) in paragraph at lines 2485--2486
[][] [] 
 []


Underfull \hbox (badness 10000) in paragraph at lines 2488--2489

 []


Overfull \hbox (12.0pt too wide) in paragraph at lines 2491--2492
[][] [] 
 []


Overfull \hbox (12.0pt too wide) in paragraph at lines 2502--2503
[][] [] 
 []


Underfull \hbox (badness 10000) in paragraph at lines 2505--2508

 []


Overfull \hbox (12.0pt too wide) in paragraph at lines 2510--2511
[][] [] 
 []


Underfull \hbox (badness 10000) in paragraph at lines 2513--2514

 []


Overfull \hbox (12.0pt too wide) in paragraph at lines 2516--2517
[][] [] 
 []


Underfull \hbox (badness 10000) in paragraph at lines 2519--2527

 []


Underfull \vbox (badness 10000) has occurred while \output is active []

 [49]
Overfull \hbox (12.0pt too wide) in paragraph at lines 2529--2530
[][] [] 
 []


Overfull \hbox (12.80042pt too wide) in paragraph at lines 2532--2547
\OT1/cmr/m/n/12 as-sume $(\OML/cmm/m/it/12 nU[]\OT1/cmr/m/n/12 )[] = 0\OML/cmm/
m/it/12 ;  $ \OT1/cmr/m/n/12 First term: $[(\OML/cmm/m/it/12 ^^Z \OT1/cmr/m/n/1
2 + \OML/cmm/m/it/12 P\OT1/cmr/m/n/12 )\OML/cmm/m/it/12 U[]U[]\OT1/cmr/m/n/12 ]
[] = [[]\OML/cmm/m/it/12 U[]nU[]\OT1/cmr/m/n/12 ][][] 
 []


Overfull \hbox (12.0pt too wide) in paragraph at lines 2549--2550
[][] [] 
 []


Underfull \hbox (badness 10000) in paragraph at lines 2552--2554

 []


Overfull \hbox (12.0pt too wide) in paragraph at lines 2556--2557
[][] [] 
 []


Underfull \hbox (badness 10000) in paragraph at lines 2559--2561

 []


Overfull \hbox (12.0pt too wide) in paragraph at lines 2563--2564
[][] [] 
 []


Underfull \hbox (badness 10000) in paragraph at lines 2566--2570

 []


Underfull \hbox (badness 10000) in paragraph at lines 2572--2585

 []


Underfull \vbox (badness 10000) has occurred while \output is active []

 [50]
Overfull \hbox (12.0pt too wide) in paragraph at lines 2587--2588
[][] [] 
 []


Underfull \hbox (badness 10000) in paragraph at lines 2590--2593

 []


Overfull \hbox (12.0pt too wide) in paragraph at lines 2595--2596
[][] [] 
 []


Overfull \hbox (12.0pt too wide) in paragraph at lines 2601--2602
[][] [] 
 []


Underfull \hbox (badness 10000) in paragraph at lines 2604--2610

 []


Overfull \hbox (12.0pt too wide) in paragraph at lines 2612--2613
[][] [] 
 []


Underfull \hbox (badness 10000) in paragraph at lines 2615--2618

 []


Underfull \vbox (badness 10000) has occurred while \output is active []

 [51]
Overfull \hbox (12.0pt too wide) in paragraph at lines 2620--2621
[][] [] 
 []


Overfull \hbox (12.0pt too wide) in paragraph at lines 2632--2633
[][] [] 
 []


Overfull \hbox (12.0pt too wide) in paragraph at lines 2636--2637
[][] [] 
 []


Overfull \hbox (12.0pt too wide) in paragraph at lines 2644--2645
[][] [] 
 []


Overfull \hbox (12.0pt too wide) in paragraph at lines 2653--2654
[][] [] 
 []


Underfull \hbox (badness 10000) in paragraph at lines 2656--2668

 []

[52]
Overfull \hbox (12.0pt too wide) in paragraph at lines 2670--2671
[][] [] 
 []


Overfull \hbox (12.0pt too wide) in paragraph at lines 2676--2677
[][] [] 
 []


Overfull \hbox (12.0pt too wide) in paragraph at lines 2687--2688
[][] [] 
 []


Overfull \hbox (12.0pt too wide) in paragraph at lines 2700--2701
[][] [] 
 []


Overfull \hbox (12.0pt too wide) in paragraph at lines 2707--2709
[][] []
 []


Overfull \hbox (12.0pt too wide) in paragraph at lines 2715--2716
[][] [] 
 []


Underfull \hbox (badness 10000) in paragraph at lines 2718--2719

 []


Overfull \hbox (12.0pt too wide) in paragraph at lines 2721--2722
[][] [] 
 []


Underfull \hbox (badness 10000) in paragraph at lines 2724--2729

 []


Overfull \hbox (12.0pt too wide) in paragraph at lines 2731--2732
[][] [] 
 []


Overfull \hbox (12.0pt too wide) in paragraph at lines 2740--2741
[][] [] 
 []


Underfull \vbox (badness 10000) has occurred while \output is active []

 [53]
Overfull \hbox (12.0pt too wide) in paragraph at lines 2756--2757
[][] [] 
 []


Overfull \hbox (12.0pt too wide) in paragraph at lines 2780--2781
[][] [] 
 []


Underfull \hbox (badness 10000) in paragraph at lines 2783--2803

 []


Underfull \vbox (badness 10000) has occurred while \output is active []

 [54]
Overfull \hbox (12.0pt too wide) in paragraph at lines 2805--2806
[][] [] 
 []


Overfull \hbox (26.79128pt too wide) in paragraph at lines 2807--2814
[]$[]$ 
 []


Overfull \hbox (12.0pt too wide) in paragraph at lines 2816--2817
[][] [] 
 []


Overfull \hbox (1.36685pt too wide) in paragraph at lines 2820--2825
[]$ $\OT1/cmr/m/n/12 (\OMS/cmsy/m/n/12 ^^@[] \OT1/cmr/m/n/12 + \OMS/cmsy/m/n/12
 r[]\OT1/cmr/m/n/12 )[] = \OML/cmm/m/it/12 ^^Q[][] \OT1/cmr/m/n/12 = 0  =[]\OMS
/cmsy/m/n/12 )  [] \OT1/cmr/m/n/12 = \OML/cmm/m/it/12 A[] []\OT1/cmr/m/n/12 (\O
ML/cmm/m/it/12 ik[]x[]\OT1/cmr/m/n/12 )[] 
 []


Underfull \hbox (badness 10000) in paragraph at lines 2820--2825

 []

[55]
Overfull \hbox (12.0pt too wide) in paragraph at lines 2827--2828
[][] [] 
 []


Underfull \hbox (badness 10000) in paragraph at lines 2830--2831

 []


Overfull \hbox (12.0pt too wide) in paragraph at lines 2833--2834
[][] [] 
 []


Underfull \hbox (badness 10000) in paragraph at lines 2836--2842

 []


Overfull \hbox (12.0pt too wide) in paragraph at lines 2844--2845
[][] [] 
 []


Overfull \hbox (12.0pt too wide) in paragraph at lines 2851--2852
[][] [] 
 []


Underfull \hbox (badness 10000) in paragraph at lines 2854--2857

 []


Overfull \hbox (12.0pt too wide) in paragraph at lines 2859--2860
[][] [] 
 []


Underfull \hbox (badness 10000) in paragraph at lines 2862--2869

 []


Overfull \hbox (12.0pt too wide) in paragraph at lines 2871--2872
[][] [] 
 []


Underfull \hbox (badness 10000) in paragraph at lines 2880--2885

 []


Underfull \vbox (badness 10000) has occurred while \output is active []

 [56]
Overfull \hbox (12.0pt too wide) in paragraph at lines 2887--2888
[][] [] 
 []


Underfull \hbox (badness 10000) in paragraph at lines 2889--2896

 []


Overfull \hbox (12.0pt too wide) in paragraph at lines 2898--2899
[][] [] 
 []


Overfull \hbox (12.0pt too wide) in paragraph at lines 2920--2921
[][] [] 
 []


Underfull \hbox (badness 10000) in paragraph at lines 2923--2934

 []


Underfull \vbox (badness 10000) has occurred while \output is active []

 [57]
Overfull \hbox (12.0pt too wide) in paragraph at lines 2935--2936
[][] [] 
 []


Underfull \hbox (badness 10000) in paragraph at lines 2938--2939

 []


Overfull \hbox (12.0pt too wide) in paragraph at lines 2941--2942
[][] [] 
 []


Underfull \hbox (badness 10000) in paragraph at lines 2944--2945

 []


Underfull \hbox (badness 10000) in paragraph at lines 2946--2967

 []


Underfull \vbox (badness 10000) has occurred while \output is active []

 [58]
Overfull \hbox (12.0pt too wide) in paragraph at lines 2969--2970
[][] [] 
 []


Underfull \hbox (badness 10000) in paragraph at lines 2972--2975

 []


Overfull \hbox (12.0pt too wide) in paragraph at lines 2977--2978
[][] [] 
 []


Underfull \hbox (badness 10000) in paragraph at lines 2980--2992

 []


Overfull \hbox (12.0pt too wide) in paragraph at lines 2994--2995
[][] [] 
 []


Underfull \hbox (badness 10000) in paragraph at lines 2994--2995

 []


Underfull \hbox (badness 10000) in paragraph at lines 2996--2997

 []


Overfull \hbox (12.0pt too wide) in paragraph at lines 2999--3000
[][] [] 
 []


Underfull \hbox (badness 10000) in paragraph at lines 2999--3000

 []


Overfull \hbox (13.16615pt too wide) in paragraph at lines 3002--3054
\OT1/cmr/m/n/12 =[]\OMS/cmsy/m/n/12 )  [] r\OML/cmm/m/it/12 B[] \OMS/cmsy/m/n/1
2 ^^A []\OML/cmm/m/it/12 dS \OT1/cmr/m/n/12 = \OMS/cmsy/m/n/12 ^^@\OT1/cmr/m/n/
12 4\OML/cmm/m/it/12 ^^YA[]e[] \OT1/cmr/m/n/12 + 4\OML/cmm/m/it/12 ^^Y^^Oi\OT1/
cmr/m/n/12 
\OML/cmm/m/it/12 A[]e[] \OMS/cmsy/m/n/12 ^^Y ^^@\OT1/cmr/m/n/12 4\OML/cmm/m/it/
12 ^^YA[]e[] \OMS/cmsy/m/n/12 ^^Y
 []


Overfull \hbox (18.40619pt too wide) in paragraph at lines 3002--3054
[][] \OT1/cmr/m/n/12 = 4\OML/cmm/m/it/12 J[]e[]=r\OT1/cmr/m/n/12 ; \OML/cmm/m/i
t/12 J[] \OT1/cmr/m/n/12 = \OML/cmm/m/it/12 e[] [] T[]d[]x\OT1/cmr/m/n/12 ; [] 
[] \OML/cmm/m/it/12 T[]x[]x[]d[]x \OT1/cmr/m/n/12 =
 []


Underfull \hbox (badness 10000) in paragraph at lines 3002--3054

 []


Underfull \vbox (badness 10000) has occurred while \output is active []

 [59]
Underfull \vbox (badness 10000) has occurred while \output is active []

 [60]
Overfull \hbox (2.01558pt too wide) in paragraph at lines 3064--3078
\OT1/cmr/m/n/12 spher-i-cally sym-met-ric space-time is not nec-es-sar-ily stat
ic so $\OML/cmm/m/it/12 g[] \OMS/cmsy/m/n/12 6\OT1/cmr/m/n/12 =
 []


Underfull \hbox (badness 10000) in paragraph at lines 3064--3078

 []


Overfull \hbox (12.0pt too wide) in paragraph at lines 3080--3081
[][] [] 
 []


Underfull \hbox (badness 10000) in paragraph at lines 3083--3090

 []

[61]
Overfull \hbox (12.0pt too wide) in paragraph at lines 3092--3093
[][] [] 
 []


Underfull \hbox (badness 10000) in paragraph at lines 3095--3106

 []


Overfull \hbox (12.0pt too wide) in paragraph at lines 3108--3109
[][] [] 
 []

[62]
Overfull \hbox (12.0pt too wide) in paragraph at lines 3128--3129
[][] [] 
 []


Underfull \hbox (badness 10000) in paragraph at lines 3131--3133

 []


Overfull \hbox (12.0pt too wide) in paragraph at lines 3135--3136
[][] [] 
 []


Underfull \hbox (badness 10000) in paragraph at lines 3138--3154

 []


Overfull \hbox (12.0pt too wide) in paragraph at lines 3156--3157
[][] [] 
 []


Underfull \hbox (badness 10000) in paragraph at lines 3159--3161

 []


Overfull \hbox (12.0pt too wide) in paragraph at lines 3163--3164
[][] [] 
 []


Underfull \hbox (badness 10000) in paragraph at lines 3166--3169

 []


Overfull \hbox (12.0pt too wide) in paragraph at lines 3171--3172
[][] [] 
 []


Underfull \hbox (badness 10000) in paragraph at lines 3174--3185

 []


Underfull \vbox (badness 10000) has occurred while \output is active []

 [63]
Overfull \hbox (12.0pt too wide) in paragraph at lines 3187--3188
[][] [] 
 []


Overfull \hbox (12.0pt too wide) in paragraph at lines 3201--3202
[][] [] 
 []


Overfull \hbox (12.0pt too wide) in paragraph at lines 3214--3215
[][] [] 
 []


Underfull \hbox (badness 10000) in paragraph at lines 3217--3218

 []


Overfull \hbox (12.0pt too wide) in paragraph at lines 3220--3221
[][] [] 
 []


Underfull \hbox (badness 10000) in paragraph at lines 3223--3228

 []


Underfull \vbox (badness 10000) has occurred while \output is active []

 [64]
Overfull \hbox (12.0pt too wide) in paragraph at lines 3230--3231
[][] [] 
 []


Underfull \hbox (badness 10000) in paragraph at lines 3233--3238

 []


Overfull \hbox (12.0pt too wide) in paragraph at lines 3240--3241
[][] [] 
 []


Underfull \hbox (badness 10000) in paragraph at lines 3243--3259

 []


Overfull \hbox (12.0pt too wide) in paragraph at lines 3261--3262
[][] [] 
 []


Overfull \hbox (12.0pt too wide) in paragraph at lines 3267--3268
[][] [] 
 []


Underfull \hbox (badness 10000) in paragraph at lines 3270--3271

 []


Overfull \hbox (12.0pt too wide) in paragraph at lines 3273--3274
[][] [] 
 []


Underfull \hbox (badness 10000) in paragraph at lines 3276--3287

 []


Underfull \vbox (badness 10000) has occurred while \output is active []

 [65]
[66] (./Notes_2.aux)

LaTeX Warning: Label(s) may have changed. Rerun to get cross-references right.

 ) 
Here is how much of TeX's memory you used:
 1949 strings out of 492616
 22963 string characters out of 6129482
 105525 words of memory out of 5000000
 5719 multiletter control sequences out of 15000+600000
 10891 words of font info for 43 fonts, out of 8000000 for 9000
 1302 hyphenation exceptions out of 8191
 34i,12n,31p,594b,316s stack positions out of 5000i,500n,10000p,200000b,80000s
</usr/local/texlive/2019/texmf-dist/fonts/type1/public/amsfonts/cm/cmcsc10.pf
b></usr/local/texlive/2019/texmf-dist/fonts/type1/public/amsfonts/cm/cmex10.pfb
></usr/local/texlive/2019/texmf-dist/fonts/type1/public/amsfonts/cmextra/cmex8.
pfb></usr/local/texlive/2019/texmf-dist/fonts/type1/public/amsfonts/cm/cmmi12.p
fb></usr/local/texlive/2019/texmf-dist/fonts/type1/public/amsfonts/cm/cmmi6.pfb
></usr/local/texlive/2019/texmf-dist/fonts/type1/public/amsfonts/cm/cmmi8.pfb><
/usr/local/texlive/2019/texmf-dist/fonts/type1/public/amsfonts/cm/cmr10.pfb></u
sr/local/texlive/2019/texmf-dist/fonts/type1/public/amsfonts/cm/cmr12.pfb></usr
/local/texlive/2019/texmf-dist/fonts/type1/public/amsfonts/cm/cmr6.pfb></usr/lo
cal/texlive/2019/texmf-dist/fonts/type1/public/amsfonts/cm/cmr8.pfb></usr/local
/texlive/2019/texmf-dist/fonts/type1/public/amsfonts/cm/cmr9.pfb></usr/local/te
xlive/2019/texmf-dist/fonts/type1/public/amsfonts/cm/cmsy10.pfb></usr/local/tex
live/2019/texmf-dist/fonts/type1/public/amsfonts/cm/cmsy6.pfb></usr/local/texli
ve/2019/texmf-dist/fonts/type1/public/amsfonts/cm/cmsy8.pfb></usr/local/texlive
/2019/texmf-dist/fonts/type1/public/amsfonts/symbols/msam10.pfb></usr/local/tex
live/2019/texmf-dist/fonts/type1/public/amsfonts/symbols/msbm10.pfb></usr/local
/texlive/2019/texmf-dist/fonts/type1/public/amsfonts/symbols/msbm7.pfb>
Output written on Notes_2.pdf (66 pages, 484979 bytes).
PDF statistics:
 285 PDF objects out of 1000 (max. 8388607)
 198 compressed objects within 2 object streams
 0 named destinations out of 1000 (max. 500000)
 1 words of extra memory for PDF output out of 10000 (max. 10000000)

